\BOOKMARK [1][-]{section*.5}{\376\377\004\022\004\022\004\025\004\024\004\025\004\035\004\030\004\025}{}% 1
\BOOKMARK [1][-]{section.1}{\376\377\004\020\004\075\004\060\004\073\004\070\004\067\000\040\004\077\004\100\004\065\004\064\004\074\004\065\004\102\004\075\004\076\004\071\000\040\004\076\004\061\004\073\004\060\004\101\004\102\004\070}{}% 2
\BOOKMARK [2][-]{subsection.1.1}{\376\377\004\030\004\101\004\102\004\076\004\100\004\070\004\117\000\040\004\100\004\060\004\067\004\062\004\070\004\102\004\070\004\117\000\040\004\062\004\065\004\061\000-\004\074\004\065\004\101\004\101\004\065\004\075\004\064\004\066\004\065\004\100\004\076\004\062}{section.1}% 3
\BOOKMARK [2][-]{subsection.1.2}{\376\377\004\022\004\065\004\061\000-\004\074\004\065\004\101\004\101\004\065\004\075\004\064\004\066\004\065\004\100\000:\000\040\004\076\004\101\004\076\004\061\004\065\004\075\004\075\004\076\004\101\004\102\004\070\000\040\004\070\000\040\004\102\004\065\004\075\004\064\004\065\004\075\004\106\004\070\004\070}{section.1}% 4
\BOOKMARK [1][-]{section.2}{\376\377\004\042\004\065\004\105\004\075\004\070\004\107\004\065\004\101\004\072\004\076\004\065\000\040\004\067\004\060\004\064\004\060\004\075\004\070\004\065}{}% 5
\BOOKMARK [2][-]{subsection.2.1}{\376\377\004\036\004\101\004\075\004\076\004\062\004\060\004\075\004\070\004\065\000\040\004\064\004\073\004\117\000\040\004\100\004\060\004\067\004\100\004\060\004\061\004\076\004\102\004\072\004\070}{section.2}% 6
\BOOKMARK [2][-]{subsection.2.2}{\376\377\004\046\004\065\004\073\004\114\000\040\004\070\000\040\004\075\004\060\004\067\004\075\004\060\004\107\004\065\004\075\004\070\004\065\000\040\004\100\004\060\004\067\004\100\004\060\004\061\004\076\004\102\004\072\004\070}{section.2}% 7
\BOOKMARK [2][-]{subsection.2.3}{\376\377\004\036\004\077\004\070\004\101\004\060\004\075\004\070\004\065\000\040\004\062\004\065\004\061\000-\004\074\004\065\004\101\004\101\004\065\004\075\004\064\004\066\004\065\004\100\004\060}{section.2}% 8
\BOOKMARK [3][-]{subsubsection.2.3.1}{\376\377\004\030\004\072\004\076\004\075\004\072\004\070\000\040\004\070\000\040\004\115\004\073\004\065\004\074\004\065\004\075\004\102\004\113\000\040\004\070\004\075\004\102\004\065\004\100\004\104\004\065\004\071\004\101\004\060}{subsection.2.3}% 9
\BOOKMARK [3][-]{subsubsection.2.3.2}{\376\377\004\044\004\103\004\075\004\072\004\106\004\070\004\076\004\075\004\060\004\073\004\114\004\075\004\113\004\065\000\040\004\115\004\073\004\065\004\074\004\065\004\075\004\102\004\113}{subsection.2.3}% 10
\BOOKMARK [2][-]{subsection.2.4}{\376\377\004\042\004\100\004\065\004\061\004\076\004\062\004\060\004\075\004\070\004\117\000\040\004\077\004\076\004\073\004\114\004\067\004\076\004\062\004\060\004\102\004\065\004\073\004\117\000\040\004\072\000\040\004\070\004\075\004\102\004\065\004\100\004\104\004\065\004\071\004\101\004\103\000\040\004\062\004\065\004\061\000-\004\074\004\065\004\101\004\101\004\065\004\075\004\064\004\066\004\065\004\100\004\060}{section.2}% 11
\BOOKMARK [2][-]{subsection.2.5}{\376\377\004\034\004\076\004\064\004\065\004\073\004\070\004\100\004\076\004\062\004\060\004\075\004\070\004\065\000\040\004\062\004\060\004\100\004\070\004\060\004\075\004\102\004\076\004\062\000\040\004\070\004\101\004\077\004\076\004\073\004\114\004\067\004\076\004\062\004\060\004\075\004\070\004\117}{section.2}% 12
\BOOKMARK [3][-]{subsubsection.2.5.1}{\376\377\004\024\004\070\004\060\004\063\004\100\004\060\004\074\004\074\004\060\000\040\004\077\004\100\004\065\004\106\004\065\004\064\004\065\004\075\004\102\004\076\004\062}{subsection.2.5}% 13
\BOOKMARK [3][-]{subsubsection.2.5.2}{\376\377\004\041\004\106\004\065\004\075\004\060\004\100\004\070\004\070\000\040\004\077\004\100\004\065\004\106\004\065\004\064\004\065\004\075\004\102\004\076\004\062\000\040\004\077\004\100\004\076\004\063\004\100\004\060\004\074\004\074\004\113}{subsection.2.5}% 14
\BOOKMARK [2][-]{subsection.2.6}{\376\377\004\042\004\100\004\065\004\061\004\076\004\062\004\060\004\075\004\070\004\117\000\040\004\072\000\040\004\076\004\104\004\076\004\100\004\074\004\073\004\065\004\075\004\070\004\116\000\040\004\064\004\076\004\072\004\103\004\074\004\065\004\075\004\102\004\060\004\106\004\070\004\070}{section.2}% 15
\BOOKMARK [1][-]{section.3}{\376\377\004\042\004\065\004\105\004\075\004\070\004\107\004\065\004\101\004\072\004\070\004\071\000\040\004\077\004\100\004\076\004\065\004\072\004\102}{}% 16
\BOOKMARK [2][-]{subsection.3.1}{\376\377\004\036\004\061\004\111\004\060\004\117\000\040\004\105\004\060\004\100\004\060\004\072\004\102\004\065\004\100\004\070\004\101\004\102\004\070\004\072\004\060\000\040\004\076\004\100\004\063\004\060\004\075\004\070\004\067\004\060\004\106\004\070\004\070\000\040\004\100\004\065\004\110\004\065\004\075\004\070\004\117\000\040\004\067\004\060\004\064\004\060\004\107\004\070}{section.3}% 17
\BOOKMARK [2][-]{subsection.3.2}{\376\377\004\036\004\077\004\070\004\101\004\060\004\075\004\070\004\065\000\040\004\070\004\101\004\077\004\076\004\073\004\114\004\067\004\103\004\065\004\074\004\113\004\105\000\040\004\061\004\070\004\061\004\073\004\065\004\076\004\102\004\065\004\072\000\040\004\070\000\040\004\117\004\067\004\113\004\072\004\076\004\062\000\040\004\077\004\100\004\076\004\063\004\100\004\060\004\074\004\074\004\070\004\100\004\076\004\062\004\060\004\075\004\070\004\117}{section.3}% 18
\BOOKMARK [3][-]{subsubsection.3.2.1}{\376\377\004\041\004\065\004\100\004\062\004\065\004\100\004\075\004\060\004\117\000\040\004\107\004\060\004\101\004\102\004\114\000:\000\040\000P\000y\000t\000h\000o\000n}{subsection.3.2}% 19
\BOOKMARK [3][-]{subsubsection.3.2.2}{\376\377\004\022\004\065\004\061\000-\004\072\004\073\004\070\004\065\004\075\004\102\000:\000\040\000H\000T\000M\000L\000,\000\040\000C\000S\000S\000,\000\040\000J\000a\000v\000a\000S\000c\000r\000i\000p\000t}{subsection.3.2}% 20
\BOOKMARK [3][-]{subsubsection.3.2.3}{\376\377\004\021\004\060\004\067\004\060\000\040\004\064\004\060\004\075\004\075\004\113\004\105\000:\000\040\000S\000Q\000L\000i\000t\000e\000\040\0003}{subsection.3.2}% 21
\BOOKMARK [2][-]{subsection.3.3}{\376\377\004\036\004\101\004\075\004\076\004\062\004\075\004\113\004\065\000\040\004\104\004\103\004\075\004\072\004\106\004\070\004\070\000\040\004\074\004\065\004\101\004\101\004\065\004\075\004\064\004\066\004\065\004\100\004\060}{section.3}% 22
\BOOKMARK [2][-]{subsection.3.4}{\376\377\004\042\004\065\004\105\004\075\004\070\004\107\004\065\004\101\004\072\004\070\004\065\000\040\004\064\004\065\004\102\004\060\004\073\004\070\000\040\004\077\004\100\004\076\004\065\004\072\004\102\004\060}{section.3}% 23
\BOOKMARK [3][-]{subsubsection.3.4.1}{\376\377\004\036\004\061\004\075\004\076\004\062\004\073\004\065\004\075\004\070\004\065\000\040\004\101\004\076\004\076\004\061\004\111\004\065\004\075\004\070\004\071\000\040\004\062\000\040\004\100\004\065\004\060\004\073\004\114\004\075\004\076\004\074\000\040\004\062\004\100\004\065\004\074\004\065\004\075\004\070}{subsection.3.4}% 24
\BOOKMARK [3][-]{subsubsection.3.4.2}{\376\377\004\020\004\062\004\102\004\076\004\100\004\070\004\067\004\060\004\106\004\070\004\117\000\040\004\077\004\076\004\073\004\114\004\067\004\076\004\062\004\060\004\102\004\065\004\073\004\065\004\071}{subsection.3.4}% 25
\BOOKMARK [3][-]{subsubsection.3.4.3}{\376\377\004\045\004\100\004\060\004\075\004\065\004\075\004\070\004\065\000\040\004\064\004\060\004\075\004\075\004\113\004\105}{subsection.3.4}% 26
\BOOKMARK [3][-]{subsubsection.3.4.4}{\376\377\004\030\004\075\004\102\004\065\004\100\004\104\004\065\004\071\004\101\000\040\004\062\004\065\004\061\000-\004\072\004\073\004\070\004\065\004\075\004\102\004\060}{subsection.3.4}% 27
\BOOKMARK [2][-]{subsection.3.5}{\376\377\004\041\004\102\004\100\004\103\004\072\004\102\004\103\004\100\004\060\000\040\004\077\004\100\004\076\004\065\004\072\004\102\004\060}{section.3}% 28
\BOOKMARK [3][-]{subsubsection.3.5.1}{\376\377\004\041\004\102\004\100\004\103\004\072\004\102\004\103\004\100\004\060\000\040\004\101\004\065\004\100\004\062\004\065\004\100\004\075\004\076\004\071\000\040\004\107\004\060\004\101\004\102\004\070}{subsection.3.5}% 29
\BOOKMARK [3][-]{subsubsection.3.5.2}{\376\377\004\041\004\102\004\100\004\103\004\072\004\102\004\103\004\100\004\060\000\040\004\062\004\065\004\061\000-\004\072\004\073\004\070\004\065\004\075\004\102\004\060}{subsection.3.5}% 30
\BOOKMARK [3][-]{subsubsection.3.5.3}{\376\377\004\024\004\070\004\060\004\063\004\100\004\060\004\074\004\074\004\060\000\040\004\072\004\073\004\060\004\101\004\101\004\076\004\062}{subsection.3.5}% 31
\BOOKMARK [1][-]{section.4}{\376\377\004\040\004\060\004\061\004\076\004\107\004\070\004\071\000\040\004\077\004\100\004\076\004\065\004\072\004\102}{}% 32
\BOOKMARK [2][-]{subsection.4.1}{\376\377\004\032\004\073\004\060\004\101\004\101\004\113\000,\000\040\004\070\004\101\004\077\004\076\004\073\004\114\004\067\004\103\004\065\004\074\004\113\004\065\000\040\004\077\004\100\004\070\000\040\004\100\004\060\004\067\004\100\004\060\004\061\004\076\004\102\004\072\004\065\000\040\004\062\004\065\004\061\000-\004\074\004\065\004\101\004\101\004\065\004\075\004\064\004\066\004\065\004\100\004\060}{section.4}% 33
\BOOKMARK [2][-]{subsection.4.2}{\376\377\004\041\004\070\004\101\004\102\004\065\004\074\004\075\004\076\004\065\000\040\004\102\004\065\004\101\004\102\004\070\004\100\004\076\004\062\004\060\004\075\004\070\004\065\000\040\004\062\004\065\004\061\000-\004\074\004\065\004\101\004\101\004\065\004\075\004\064\004\066\004\065\004\100\004\060}{section.4}% 34
\BOOKMARK [1][-]{section*.28}{\376\377\004\027\004\020\004\032\004\033\004\056\004\047\004\025\004\035\004\030\004\025}{}% 35
\BOOKMARK [1][-]{Item.37}{\376\377\004\041\004\037\004\030\004\041\004\036\004\032\000\040\004\030\004\041\004\037\004\036\004\033\004\054\004\027\004\036\004\022\004\020\004\035\004\035\004\053\004\045\000\040\004\030\004\041\004\042\004\036\004\047\004\035\004\030\004\032\004\036\004\022}{}% 36
\BOOKMARK [1][-]{section*.30}{\376\377\004\037\004\040\004\030\004\033\004\036\004\026\004\025\004\035\004\030\004\025\000\040\004\020\000\040\004\044\004\100\004\060\004\063\004\074\004\065\004\075\004\102\004\113\000\040\004\070\004\101\004\105\004\076\004\064\004\075\004\076\004\063\004\076\000\040\004\072\004\076\004\064\004\060\000\040\004\077\004\100\004\076\004\063\004\100\004\060\004\074\004\074\004\113}{}% 37
